<?xml version="1.0" encoding="UTF-8"?>
<testsuite name="Cucumber" time="5.678" tests="1" skipped="0" failures="0" errors="0">
<testcase classname="Login Functionality of Tricentis" name="To Test the Login Functionality of Tricentis" time="5.536">
<system-out><![CDATA[
Given I am on the after login home page.....................................passed
When I click on the login link..............................................passed
And I will enter the "user988964@gmail.com" in Email tab....................passed
And I will enter the "User@12345" in Password tab...........................passed
And I will click on the Login button........................................passed
Then It should get login and show "success".................................passed
]]></system-out>
</testcase>
</testsuite>
